<?xml version="1.0" encoding="UTF-8"?>
<testsuite xmlns:xsi="http://www.w3.org/2001/XMLSchema-instance" xsi:noNamespaceSchemaLocation="https://maven.apache.org/surefire/maven-surefire-plugin/xsd/surefire-test-report-3.0.xsd" version="3.0" name="nc.dao.jdbc.ClienteJDBCTest" time="0.025" tests="4" errors="0" skipped="0" failures="0">
  <properties>
[...]
</properties>
  <testcase name="idNull" classname="nc.dao.jdbc.ClienteJDBCTest" time="0.006">
    <system-out><![CDATA[14
]]></system-out>
  </testcase>
  <testcase name="cuitNull" classname="nc.dao.jdbc.ClienteJDBCTest" time="0.002">
    <system-out><![CDATA[14
]]></system-out>
  </testcase>
  <testcase name="cuitUnico" classname="nc.dao.jdbc.ClienteJDBCTest" time="0.007">
    <system-out><![CDATA[14
]]></system-out>
  </testcase>
  <testcase name="idUnico" classname="nc.dao.jdbc.ClienteJDBCTest" time="0.006">
    <system-out><![CDATA[14
]]></system-out>
  </testcase>
</testsuite>